#
# There is insufficient memory for the Java Runtime Environment to continue.
# Native memory allocation (malloc) failed to allocate 1058096 bytes for Chunk::new
# Possible reasons:
#   The system is out of physical RAM or swap space
#   The process is running with CompressedOops enabled, and the Java Heap may be blocking the growth of the native heap
# Possible solutions:
#   Reduce memory load on the system
#   Increase physical memory or swap space
#   Check if swap backing store is full
#   Decrease Java heap size (-Xmx/-Xms)
#   Decrease number of Java threads
#   Decrease Java thread stack sizes (-Xss)
#   Set larger code cache with -XX:ReservedCodeCacheSize=
#   JVM is running with Unscaled Compressed Oops mode in which the Java heap is
#     placed in the first 4GB address space. The Java Heap base address is the
#     maximum limit for the native heap growth. Please use -XX:HeapBaseMinAddress
#     to set the Java Heap base and to place the Java Heap above 4GB virtual address.
# This output file may be truncated or incomplete.
#
#  Out of Memory Error (arena.cpp:189), pid=17016, tid=1080
#
# JRE version: OpenJDK Runtime Environment Temurin-17.0.2+8 (17.0.2+8) (build 17.0.2+8)
# Java VM: OpenJDK 64-Bit Server VM Temurin-17.0.2+8 (17.0.2+8, mixed mode, tiered, compressed oops, compressed class ptrs, g1 gc, windows-amd64)
# No core dump will be written. Minidumps are not enabled by default on client versions of Windows
#

---------------  S U M M A R Y ------------

Command Line: -Dfile.encoding=UTF-8 -XX:+ShowCodeDetailsInExceptionMessages com.amusementBookingApplication.AmusementBookingApplication

Host: Intel(R) Core(TM) i5-1035G1 CPU @ 1.00GHz, 8 cores, 7G,  Windows 11 , 64 bit Build 22621 (10.0.22621.726)
Time: Fri Oct 14 14:18:03 2022 India Standard Time elapsed time: 51.256788 seconds (0d 0h 0m 51s)

---------------  T H R E A D  ---------------

Current thread (0x00000227a700b9b0):  JavaThread "C2 CompilerThread0" daemon [_thread_in_native, id=1080, stack(0x000000ffe8700000,0x000000ffe8800000)]


Current CompileTask:
C2:  51256 10970       4       org.hibernate.internal.AbstractSharedSessionContract::<init> (490 bytes)

Stack: [0x000000ffe8700000,0x000000ffe8800000]
Native frames: (J=compiled Java code, j=interpreted, Vv=VM code, C=native code)
V  [jvm.dll+0x67564a]
V  [jvm.dll+0x82fc04]
V  [jvm.dll+0x8313ae]
V  [jvm.dll+0x831a13]
V  [jvm.dll+0x245235]
V  [jvm.dll+0xabd7b]
V  [jvm.dll+0xac30c]
V  [jvm.dll+0x3631a2]
V  [jvm.dll+0x32d891]
V  [jvm.dll+0x32cd3a]
V  [jvm.dll+0x2180d1]
V  [jvm.dll+0x2174f1]
V  [jvm.dll+0x1a3a8d]
V  [jvm.dll+0x226ef8]
V  [jvm.dll+0x22503c]
V  [jvm.dll+0x7e596b]
V  [jvm.dll+0x7dff2a]
V  [jvm.dll+0x6744d5]
C  [ucrtbase.dll+0x29363]
C  [KERNEL32.DLL+0x1244d]
C  [ntdll.dll+0x5df78]


---------------  P R O C E S S  ---------------

Threads class SMR info:
_java_thread_list=0x00000227a8851e80, length=28, elements={
0x00000227a660afb0, 0x00000227a660b960, 0x00000227a6658590, 0x00000227a6654980,
0x00000227a6655240, 0x00000227a6655bf0, 0x00000227a700b9b0, 0x00000227a7020010,
0x00000227a7020910, 0x00000227a7190a40, 0x00000227a71aee30, 0x00000227ab0cd800,
0x00000227ab0ce670, 0x00000227ab0cbb20, 0x00000227ab0cdcd0, 0x00000227ab0ceb40,
0x00000227ab0cc4c0, 0x00000227ab0cc990, 0x00000227ab0ce1a0, 0x00000227ab0cce60,
0x00000227ab0cb180, 0x00000227ab0cd330, 0x00000227ab41a300, 0x00000227ab41a7d0,
0x00000227ab41aca0, 0x00000227ab41ce50, 0x00000227ab41bfe0, 0x00000227ab41c4b0
}

Java Threads: ( => current thread )
  0x00000227a660afb0 JavaThread "Reference Handler" daemon [_thread_blocked, id=13720, stack(0x000000ffe8100000,0x000000ffe8200000)]
  0x00000227a660b960 JavaThread "Finalizer" daemon [_thread_blocked, id=19420, stack(0x000000ffe8200000,0x000000ffe8300000)]
  0x00000227a6658590 JavaThread "Signal Dispatcher" daemon [_thread_blocked, id=20336, stack(0x000000ffe8300000,0x000000ffe8400000)]
  0x00000227a6654980 JavaThread "Attach Listener" daemon [_thread_blocked, id=9704, stack(0x000000ffe8400000,0x000000ffe8500000)]
  0x00000227a6655240 JavaThread "Service Thread" daemon [_thread_blocked, id=16064, stack(0x000000ffe8500000,0x000000ffe8600000)]
  0x00000227a6655bf0 JavaThread "Monitor Deflation Thread" daemon [_thread_blocked, id=3596, stack(0x000000ffe8600000,0x000000ffe8700000)]
=>0x00000227a700b9b0 JavaThread "C2 CompilerThread0" daemon [_thread_in_native, id=1080, stack(0x000000ffe8700000,0x000000ffe8800000)]
  0x00000227a7020010 JavaThread "C1 CompilerThread0" daemon [_thread_blocked, id=15016, stack(0x000000ffe8800000,0x000000ffe8900000)]
  0x00000227a7020910 JavaThread "Sweeper thread" daemon [_thread_blocked, id=13940, stack(0x000000ffe8900000,0x000000ffe8a00000)]
  0x00000227a7190a40 JavaThread "Notification Thread" daemon [_thread_blocked, id=4104, stack(0x000000ffe8a00000,0x000000ffe8b00000)]
  0x00000227a71aee30 JavaThread "Common-Cleaner" daemon [_thread_blocked, id=6808, stack(0x000000ffe8c00000,0x000000ffe8d00000)]
  0x00000227ab0cd800 JavaThread "Catalina-utility-1" [_thread_blocked, id=9984, stack(0x000000ffe9500000,0x000000ffe9600000)]
  0x00000227ab0ce670 JavaThread "Catalina-utility-2" [_thread_blocked, id=11188, stack(0x000000ffe9800000,0x000000ffe9900000)]
  0x00000227ab0cbb20 JavaThread "container-0" [_thread_blocked, id=9596, stack(0x000000ffe9900000,0x000000ffe9a00000)]
  0x00000227ab0cdcd0 JavaThread "HikariPool-1 housekeeper" daemon [_thread_blocked, id=11268, stack(0x000000ffe9b00000,0x000000ffe9c00000)]
  0x00000227ab0ceb40 JavaThread "http-nio-8383-exec-1" daemon [_thread_blocked, id=17828, stack(0x000000ffe9700000,0x000000ffe9800000)]
  0x00000227ab0cc4c0 JavaThread "http-nio-8383-exec-2" daemon [_thread_blocked, id=7992, stack(0x000000ffe9d00000,0x000000ffe9e00000)]
  0x00000227ab0cc990 JavaThread "http-nio-8383-exec-3" daemon [_thread_blocked, id=3256, stack(0x000000ffe9e00000,0x000000ffe9f00000)]
  0x00000227ab0ce1a0 JavaThread "http-nio-8383-exec-4" daemon [_thread_blocked, id=5920, stack(0x000000ffe9f00000,0x000000ffea000000)]
  0x00000227ab0cce60 JavaThread "http-nio-8383-exec-5" daemon [_thread_blocked, id=17800, stack(0x000000ffea000000,0x000000ffea100000)]
  0x00000227ab0cb180 JavaThread "http-nio-8383-exec-6" daemon [_thread_blocked, id=1528, stack(0x000000ffea100000,0x000000ffea200000)]
  0x00000227ab0cd330 JavaThread "http-nio-8383-exec-7" daemon [_thread_blocked, id=3592, stack(0x000000ffea200000,0x000000ffea300000)]
  0x00000227ab41a300 JavaThread "http-nio-8383-exec-8" daemon [_thread_in_Java, id=20824, stack(0x000000ffea300000,0x000000ffea400000)]
  0x00000227ab41a7d0 JavaThread "http-nio-8383-exec-9" daemon [_thread_blocked, id=9516, stack(0x000000ffea400000,0x000000ffea500000)]
  0x00000227ab41aca0 JavaThread "http-nio-8383-exec-10" daemon [_thread_blocked, id=11432, stack(0x000000ffea500000,0x000000ffea600000)]
  0x00000227ab41ce50 JavaThread "http-nio-8383-Poller" daemon [_thread_in_native, id=14268, stack(0x000000ffea600000,0x000000ffea700000)]
  0x00000227ab41bfe0 JavaThread "http-nio-8383-Acceptor" daemon [_thread_in_native, id=15240, stack(0x000000ffea700000,0x000000ffea800000)]
  0x00000227ab41c4b0 JavaThread "DestroyJavaVM" [_thread_blocked, id=22048, stack(0x000000ffe7a00000,0x000000ffe7b00000)]

Other Threads:
  0x00000227a6604a30 VMThread "VM Thread" [stack: 0x000000ffe8000000,0x000000ffe8100000] [id=13676]
  0x00000227a7190f10 WatcherThread [stack: 0x000000ffe8b00000,0x000000ffe8c00000] [id=8508]
  0x000002278a967290 GCTaskThread "GC Thread#0" [stack: 0x000000ffe7b00000,0x000000ffe7c00000] [id=20772]
  0x00000227a79ea8a0 GCTaskThread "GC Thread#1" [stack: 0x000000ffe8f00000,0x000000ffe9000000] [id=18232]
  0x00000227a79eb550 GCTaskThread "GC Thread#2" [stack: 0x000000ffe9000000,0x000000ffe9100000] [id=12044]
  0x00000227a8a246b0 GCTaskThread "GC Thread#3" [stack: 0x000000ffe9100000,0x000000ffe9200000] [id=2840]
  0x00000227a8b9d490 GCTaskThread "GC Thread#4" [stack: 0x000000ffe9200000,0x000000ffe9300000] [id=6280]
  0x00000227a8b9d740 GCTaskThread "GC Thread#5" [stack: 0x000000ffe9300000,0x000000ffe9400000] [id=2512]
  0x00000227a8b9d9f0 GCTaskThread "GC Thread#6" [stack: 0x000000ffe9400000,0x000000ffe9500000] [id=15820]
  0x00000227a93b0430 GCTaskThread "GC Thread#7" [stack: 0x000000ffe8e00000,0x000000ffe8f00000] [id=8068]
  0x000002278a977850 ConcurrentGCThread "G1 Main Marker" [stack: 0x000000ffe7c00000,0x000000ffe7d00000] [id=17756]
  0x000002278a9783c0 ConcurrentGCThread "G1 Conc#0" [stack: 0x000000ffe7d00000,0x000000ffe7e00000] [id=7412]
  0x00000227a8f05cc0 ConcurrentGCThread "G1 Conc#1" [stack: 0x000000ffe9600000,0x000000ffe9700000] [id=12052]
  0x000002278a9e6670 ConcurrentGCThread "G1 Refine#0" [stack: 0x000000ffe7e00000,0x000000ffe7f00000] [id=2556]
  0x00000227a97231b0 ConcurrentGCThread "G1 Refine#1" [stack: 0x000000ffea800000,0x000000ffea900000] [id=2816]
  0x00000227ad6fe370 ConcurrentGCThread "G1 Refine#2" [stack: 0x000000ffea900000,0x000000ffeaa00000] [id=15456]
  0x000002278a9e6e30 ConcurrentGCThread "G1 Service" [stack: 0x000000ffe7f00000,0x000000ffe8000000] [id=16892]

Threads with active compile tasks:
C2 CompilerThread0    51306 10970       4       org.hibernate.internal.AbstractSharedSessionContract::<init> (490 bytes)

VM state: not at safepoint (normal execution)

VM Mutex/Monitor currently owned by a thread: None

Heap address: 0x0000000084c00000, size: 1972 MB, Compressed Oops mode: 32-bit

CDS archive(s) not mapped
Compressed class space mapped at: 0x0000000100000000-0x0000000140000000, reserved size: 1073741824
Narrow klass base: 0x0000000000000000, Narrow klass shift: 3, Narrow klass range: 0x140000000

GC Precious Log:
 CPUs: 8 total, 8 available
 Memory: 7880M
 Large Page Support: Disabled
 NUMA Support: Disabled
 Compressed Oops: Enabled (32-bit)
 Heap Region Size: 1M
 Heap Min Capacity: 8M
 Heap Initial Capacity: 124M
 Heap Max Capacity: 1972M
 Pre-touch: Disabled
 Parallel Workers: 8
 Concurrent Workers: 2
 Concurrent Refinement Workers: 8
 Periodic GC: Disabled

Heap:
 garbage-first heap   total 121856K, used 85580K [0x0000000084c00000, 0x0000000100000000)
  region size 1024K, 53 young (54272K), 1 survivors (1024K)
 Metaspace       used 72811K, committed 73280K, reserved 1114112K
  class space    used 8989K, committed 9216K, reserved 1048576K

Heap Regions: E=young(eden), S=young(survivor), O=old, HS=humongous(starts), HC=humongous(continues), CS=collection set, F=free, OA=open archive, CA=closed archive, TAMS=top-at-mark-start (previous, next)
|   0|0x0000000084c00000, 0x0000000084d00000, 0x0000000084d00000|100%|HS|  |TAMS 0x0000000084d00000, 0x0000000084c00000| Complete 
|   1|0x0000000084d00000, 0x0000000084e00000, 0x0000000084e00000|100%| O|  |TAMS 0x0000000084e00000, 0x0000000084d00000| Untracked 
|   2|0x0000000084e00000, 0x0000000084f00000, 0x0000000084f00000|100%| O|  |TAMS 0x0000000084f00000, 0x0000000084e00000| Untracked 
|   3|0x0000000084f00000, 0x0000000085000000, 0x0000000085000000|100%| O|  |TAMS 0x0000000085000000, 0x0000000084f00000| Untracked 
|   4|0x0000000085000000, 0x0000000085100000, 0x0000000085100000|100%| O|  |TAMS 0x0000000085100000, 0x0000000085000000| Untracked 
|   5|0x0000000085100000, 0x0000000085200000, 0x0000000085200000|100%| O|  |TAMS 0x0000000085200000, 0x0000000085100000| Untracked 
|   6|0x0000000085200000, 0x00000000852f0c00, 0x0000000085300000| 94%| O|  |TAMS 0x00000000852f0c00, 0x0000000085200000| Untracked 
|   7|0x0000000085300000, 0x0000000085400000, 0x0000000085400000|100%| O|  |TAMS 0x0000000085400000, 0x0000000085300000| Untracked 
|   8|0x0000000085400000, 0x0000000085500000, 0x0000000085500000|100%| O|  |TAMS 0x0000000085500000, 0x0000000085400000| Untracked 
|   9|0x0000000085500000, 0x0000000085600000, 0x0000000085600000|100%| O|  |TAMS 0x0000000085600000, 0x0000000085500000| Untracked 
|  10|0x0000000085600000, 0x0000000085700000, 0x0000000085700000|100%| O|  |TAMS 0x0000000085700000, 0x0000000085600000| Untracked 
|  11|0x0000000085700000, 0x0000000085800000, 0x0000000085800000|100%| O|  |TAMS 0x0000000085800000, 0x0000000085700000| Untracked 
|  12|0x0000000085800000, 0x0000000085900000, 0x0000000085900000|100%| O|  |TAMS 0x0000000085900000, 0x0000000085800000| Untracked 
|  13|0x0000000085900000, 0x0000000085a00000, 0x0000000085a00000|100%| O|  |TAMS 0x0000000085a00000, 0x0000000085900000| Untracked 
|  14|0x0000000085a00000, 0x0000000085b00000, 0x0000000085b00000|100%| O|  |TAMS 0x0000000085b00000, 0x0000000085a00000| Untracked 
|  15|0x0000000085b00000, 0x0000000085c00000, 0x0000000085c00000|100%| O|  |TAMS 0x0000000085c00000, 0x0000000085b00000| Untracked 
|  16|0x0000000085c00000, 0x0000000085d00000, 0x0000000085d00000|100%| O|  |TAMS 0x0000000085d00000, 0x0000000085c00000| Untracked 
|  17|0x0000000085d00000, 0x0000000085e00000, 0x0000000085e00000|100%| O|  |TAMS 0x0000000085e00000, 0x0000000085d00000| Untracked 
|  18|0x0000000085e00000, 0x0000000085f00000, 0x0000000085f00000|100%| O|  |TAMS 0x0000000085f00000, 0x0000000085e00000| Untracked 
|  19|0x0000000085f00000, 0x0000000086000000, 0x0000000086000000|100%| O|  |TAMS 0x0000000086000000, 0x0000000085f00000| Untracked 
|  20|0x0000000086000000, 0x0000000086100000, 0x0000000086100000|100%| O|  |TAMS 0x0000000086100000, 0x0000000086000000| Untracked 
|  21|0x0000000086100000, 0x0000000086200000, 0x0000000086200000|100%| O|  |TAMS 0x0000000086200000, 0x0000000086100000| Untracked 
|  22|0x0000000086200000, 0x0000000086300000, 0x0000000086300000|100%| O|  |TAMS 0x0000000086300000, 0x0000000086200000| Untracked 
|  23|0x0000000086300000, 0x0000000086400000, 0x0000000086400000|100%| O|  |TAMS 0x0000000086400000, 0x0000000086300000| Untracked 
|  24|0x0000000086400000, 0x0000000086500000, 0x0000000086500000|100%| O|  |TAMS 0x0000000086500000, 0x0000000086400000| Untracked 
|  25|0x0000000086500000, 0x000000008656dc00, 0x0000000086600000| 42%| O|  |TAMS 0x0000000086500000, 0x0000000086500000| Untracked 
|  26|0x0000000086600000, 0x0000000086700000, 0x0000000086700000|100%| O|  |TAMS 0x0000000086700000, 0x0000000086600000| Untracked 
|  27|0x0000000086700000, 0x0000000086700000, 0x0000000086800000|  0%| F|  |TAMS 0x0000000086700000, 0x0000000086700000| Untracked 
|  28|0x0000000086800000, 0x0000000086800000, 0x0000000086900000|  0%| F|  |TAMS 0x0000000086800000, 0x0000000086800000| Untracked 
|  29|0x0000000086900000, 0x0000000086900000, 0x0000000086a00000|  0%| F|  |TAMS 0x0000000086900000, 0x0000000086900000| Untracked 
|  30|0x0000000086a00000, 0x0000000086a00000, 0x0000000086b00000|  0%| F|  |TAMS 0x0000000086a00000, 0x0000000086a00000| Untracked 
|  31|0x0000000086b00000, 0x0000000086b00000, 0x0000000086c00000|  0%| F|  |TAMS 0x0000000086b00000, 0x0000000086b00000| Untracked 
|  32|0x0000000086c00000, 0x0000000086c00000, 0x0000000086d00000|  0%| F|  |TAMS 0x0000000086c00000, 0x0000000086c00000| Untracked 
|  33|0x0000000086d00000, 0x0000000086d00000, 0x0000000086e00000|  0%| F|  |TAMS 0x0000000086d00000, 0x0000000086d00000| Untracked 
|  34|0x0000000086e00000, 0x0000000086e00000, 0x0000000086f00000|  0%| F|  |TAMS 0x0000000086e00000, 0x0000000086e00000| Untracked 
|  35|0x0000000086f00000, 0x0000000086f00000, 0x0000000087000000|  0%| F|  |TAMS 0x0000000086f00000, 0x0000000086f00000| Untracked 
|  36|0x0000000087000000, 0x0000000087000000, 0x0000000087100000|  0%| F|  |TAMS 0x0000000087000000, 0x0000000087000000| Untracked 
|  37|0x0000000087100000, 0x0000000087100000, 0x0000000087200000|  0%| F|  |TAMS 0x0000000087100000, 0x0000000087100000| Untracked 
|  38|0x0000000087200000, 0x0000000087200000, 0x0000000087300000|  0%| F|  |TAMS 0x0000000087200000, 0x0000000087200000| Untracked 
|  39|0x0000000087300000, 0x0000000087300000, 0x0000000087400000|  0%| F|  |TAMS 0x0000000087300000, 0x0000000087300000| Untracked 
|  40|0x0000000087400000, 0x0000000087400000, 0x0000000087500000|  0%| F|  |TAMS 0x0000000087400000, 0x0000000087400000| Untracked 
|  41|0x0000000087500000, 0x0000000087500000, 0x0000000087600000|  0%| F|  |TAMS 0x0000000087500000, 0x0000000087500000| Untracked 
|  42|0x0000000087600000, 0x0000000087600000, 0x0000000087700000|  0%| F|  |TAMS 0x0000000087600000, 0x0000000087600000| Untracked 
|  43|0x0000000087700000, 0x0000000087734820, 0x0000000087800000| 20%| S|CS|TAMS 0x0000000087700000, 0x0000000087700000| Complete 
|  44|0x0000000087800000, 0x0000000087800000, 0x0000000087900000|  0%| F|  |TAMS 0x0000000087800000, 0x0000000087800000| Untracked 
|  45|0x0000000087900000, 0x0000000087900000, 0x0000000087a00000|  0%| F|  |TAMS 0x0000000087900000, 0x0000000087900000| Untracked 
|  46|0x0000000087a00000, 0x0000000087b00000, 0x0000000087b00000|100%| O|  |TAMS 0x0000000087b00000, 0x0000000087a00000| Untracked 
|  47|0x0000000087b00000, 0x0000000087b00000, 0x0000000087c00000|  0%| F|  |TAMS 0x0000000087b00000, 0x0000000087b00000| Untracked 
|  48|0x0000000087c00000, 0x0000000087c00000, 0x0000000087d00000|  0%| F|  |TAMS 0x0000000087c00000, 0x0000000087c00000| Untracked 
|  49|0x0000000087d00000, 0x0000000087d00000, 0x0000000087e00000|  0%| F|  |TAMS 0x0000000087d00000, 0x0000000087d00000| Untracked 
|  50|0x0000000087e00000, 0x0000000087f00000, 0x0000000087f00000|100%| O|  |TAMS 0x0000000087f00000, 0x0000000087e00000| Untracked 
|  51|0x0000000087f00000, 0x0000000088000000, 0x0000000088000000|100%| O|  |TAMS 0x0000000088000000, 0x0000000087f00000| Untracked 
|  52|0x0000000088000000, 0x0000000088000000, 0x0000000088100000|  0%| F|  |TAMS 0x0000000088000000, 0x0000000088000000| Untracked 
|  53|0x0000000088100000, 0x0000000088200000, 0x0000000088200000|100%| O|  |TAMS 0x0000000088200000, 0x0000000088100000| Untracked 
|  54|0x0000000088200000, 0x0000000088300000, 0x0000000088300000|100%| O|  |TAMS 0x0000000088300000, 0x0000000088200000| Untracked 
|  55|0x0000000088300000, 0x0000000088400000, 0x0000000088400000|100%| O|  |TAMS 0x000000008836ca08, 0x0000000088300000| Untracked 
|  56|0x0000000088400000, 0x0000000088400000, 0x0000000088500000|  0%| F|  |TAMS 0x0000000088400000, 0x0000000088400000| Untracked 
|  57|0x0000000088500000, 0x0000000088500000, 0x0000000088600000|  0%| F|  |TAMS 0x0000000088500000, 0x0000000088500000| Untracked 
|  58|0x0000000088600000, 0x0000000088600000, 0x0000000088700000|  0%| F|  |TAMS 0x0000000088600000, 0x0000000088600000| Untracked 
|  59|0x0000000088700000, 0x0000000088700000, 0x0000000088800000|  0%| F|  |TAMS 0x0000000088700000, 0x0000000088700000| Untracked 
|  60|0x0000000088800000, 0x0000000088800000, 0x0000000088900000|  0%| F|  |TAMS 0x0000000088800000, 0x0000000088800000| Untracked 
|  61|0x0000000088900000, 0x0000000088900000, 0x0000000088a00000|  0%| F|  |TAMS 0x0000000088900000, 0x0000000088900000| Untracked 
|  62|0x0000000088a00000, 0x0000000088a00000, 0x0000000088b00000|  0%| F|  |TAMS 0x0000000088a00000, 0x0000000088a00000| Untracked 
|  63|0x0000000088b00000, 0x0000000088b00000, 0x0000000088c00000|  0%| F|  |TAMS 0x0000000088b00000, 0x0000000088b00000| Untracked 
|  64|0x0000000088c00000, 0x0000000088c00000, 0x0000000088d00000|  0%| F|  |TAMS 0x0000000088c00000, 0x0000000088c00000| Untracked 
|  65|0x0000000088d00000, 0x0000000088d00000, 0x0000000088e00000|  0%| F|  |TAMS 0x0000000088d00000, 0x0000000088d00000| Untracked 
|  66|0x0000000088e00000, 0x0000000088e00000, 0x0000000088f00000|  0%| F|  |TAMS 0x0000000088e00000, 0x0000000088e00000| Untracked 
|  67|0x0000000088f00000, 0x0000000089000000, 0x0000000089000000|100%| E|  |TAMS 0x0000000088f00000, 0x0000000088f00000| Complete 
|  68|0x0000000089000000, 0x0000000089100000, 0x0000000089100000|100%| E|CS|TAMS 0x0000000089000000, 0x0000000089000000| Complete 
|  69|0x0000000089100000, 0x0000000089200000, 0x0000000089200000|100%| E|CS|TAMS 0x0000000089100000, 0x0000000089100000| Complete 
|  70|0x0000000089200000, 0x0000000089300000, 0x0000000089300000|100%| E|CS|TAMS 0x0000000089200000, 0x0000000089200000| Complete 
|  71|0x0000000089300000, 0x0000000089400000, 0x0000000089400000|100%| E|CS|TAMS 0x0000000089300000, 0x0000000089300000| Complete 
|  72|0x0000000089400000, 0x0000000089500000, 0x0000000089500000|100%| E|CS|TAMS 0x0000000089400000, 0x0000000089400000| Complete 
|  73|0x0000000089500000, 0x0000000089600000, 0x0000000089600000|100%| E|CS|TAMS 0x0000000089500000, 0x0000000089500000| Complete 
|  74|0x0000000089600000, 0x0000000089700000, 0x0000000089700000|100%| E|CS|TAMS 0x0000000089600000, 0x0000000089600000| Complete 
|  75|0x0000000089700000, 0x0000000089800000, 0x0000000089800000|100%| E|CS|TAMS 0x0000000089700000, 0x0000000089700000| Complete 
|  76|0x0000000089800000, 0x0000000089900000, 0x0000000089900000|100%| E|CS|TAMS 0x0000000089800000, 0x0000000089800000| Complete 
|  77|0x0000000089900000, 0x0000000089a00000, 0x0000000089a00000|100%| E|CS|TAMS 0x0000000089900000, 0x0000000089900000| Complete 
|  78|0x0000000089a00000, 0x0000000089b00000, 0x0000000089b00000|100%| E|CS|TAMS 0x0000000089a00000, 0x0000000089a00000| Complete 
|  79|0x0000000089b00000, 0x0000000089c00000, 0x0000000089c00000|100%| E|CS|TAMS 0x0000000089b00000, 0x0000000089b00000| Complete 
|  80|0x0000000089c00000, 0x0000000089d00000, 0x0000000089d00000|100%| E|CS|TAMS 0x0000000089c00000, 0x0000000089c00000| Complete 
|  81|0x0000000089d00000, 0x0000000089e00000, 0x0000000089e00000|100%| E|CS|TAMS 0x0000000089d00000, 0x0000000089d00000| Complete 
|  82|0x0000000089e00000, 0x0000000089f00000, 0x0000000089f00000|100%| E|CS|TAMS 0x0000000089e00000, 0x0000000089e00000| Complete 
|  83|0x0000000089f00000, 0x000000008a000000, 0x000000008a000000|100%| E|CS|TAMS 0x0000000089f00000, 0x0000000089f00000| Complete 
|  84|0x000000008a000000, 0x000000008a100000, 0x000000008a100000|100%| E|CS|TAMS 0x000000008a000000, 0x000000008a000000| Complete 
|  85|0x000000008a100000, 0x000000008a200000, 0x000000008a200000|100%| E|CS|TAMS 0x000000008a100000, 0x000000008a100000| Complete 
|  86|0x000000008a200000, 0x000000008a300000, 0x000000008a300000|100%| E|CS|TAMS 0x000000008a200000, 0x000000008a200000| Complete 
|  87|0x000000008a300000, 0x000000008a400000, 0x000000008a400000|100%| E|CS|TAMS 0x000000008a300000, 0x000000008a300000| Complete 
|  88|0x000000008a400000, 0x000000008a500000, 0x000000008a500000|100%| E|CS|TAMS 0x000000008a400000, 0x000000008a400000| Complete 
|  89|0x000000008a500000, 0x000000008a600000, 0x000000008a600000|100%| E|CS|TAMS 0x000000008a500000, 0x000000008a500000| Complete 
|  90|0x000000008a600000, 0x000000008a700000, 0x000000008a700000|100%| E|CS|TAMS 0x000000008a600000, 0x000000008a600000| Complete 
|  91|0x000000008a700000, 0x000000008a800000, 0x000000008a800000|100%| E|CS|TAMS 0x000000008a700000, 0x000000008a700000| Complete 
|  92|0x000000008a800000, 0x000000008a900000, 0x000000008a900000|100%| E|CS|TAMS 0x000000008a800000, 0x000000008a800000| Complete 
|  93|0x000000008a900000, 0x000000008aa00000, 0x000000008aa00000|100%| E|CS|TAMS 0x000000008a900000, 0x000000008a900000| Complete 
|  94|0x000000008aa00000, 0x000000008ab00000, 0x000000008ab00000|100%| E|CS|TAMS 0x000000008aa00000, 0x000000008aa00000| Complete 
|  95|0x000000008ab00000, 0x000000008ac00000, 0x000000008ac00000|100%| E|CS|TAMS 0x000000008ab00000, 0x000000008ab00000| Complete 
|  96|0x000000008ac00000, 0x000000008ad00000, 0x000000008ad00000|100%| E|CS|TAMS 0x000000008ac00000, 0x000000008ac00000| Complete 
|  97|0x000000008ad00000, 0x000000008ae00000, 0x000000008ae00000|100%| E|CS|TAMS 0x000000008ad00000, 0x000000008ad00000| Complete 
|  98|0x000000008ae00000, 0x000000008af00000, 0x000000008af00000|100%| E|CS|TAMS 0x000000008ae00000, 0x000000008ae00000| Complete 
|  99|0x000000008af00000, 0x000000008b000000, 0x000000008b000000|100%| E|CS|TAMS 0x000000008af00000, 0x000000008af00000| Complete 
| 100|0x000000008b000000, 0x000000008b100000, 0x000000008b100000|100%| E|CS|TAMS 0x000000008b000000, 0x000000008b000000| Complete 
| 101|0x000000008b100000, 0x000000008b200000, 0x000000008b200000|100%| E|CS|TAMS 0x000000008b100000, 0x000000008b100000| Complete 
| 102|0x000000008b200000, 0x000000008b300000, 0x000000008b300000|100%| E|CS|TAMS 0x000000008b200000, 0x000000008b200000| Complete 
| 103|0x000000008b300000, 0x000000008b400000, 0x000000008b400000|100%| E|CS|TAMS 0x000000008b300000, 0x000000008b300000| Complete 
| 104|0x000000008b400000, 0x000000008b500000, 0x000000008b500000|100%| E|CS|TAMS 0x000000008b400000, 0x000000008b400000| Complete 
| 105|0x000000008b500000, 0x000000008b600000, 0x000000008b600000|100%| E|CS|TAMS 0x000000008b500000, 0x000000008b500000| Complete 
| 106|0x000000008b600000, 0x000000008b700000, 0x000000008b700000|100%| E|CS|TAMS 0x000000008b600000, 0x000000008b600000| Complete 
| 107|0x000000008b700000, 0x000000008b800000, 0x000000008b800000|100%| E|CS|TAMS 0x000000008b700000, 0x000000008b700000| Complete 
| 108|0x000000008b800000, 0x000000008b900000, 0x000000008b900000|100%| E|CS|TAMS 0x000000008b800000, 0x000000008b800000| Complete 
| 109|0x000000008b900000, 0x000000008ba00000, 0x000000008ba00000|100%| E|CS|TAMS 0x000000008b900000, 0x000000008b900000| Complete 
| 110|0x000000008ba00000, 0x000000008bb00000, 0x000000008bb00000|100%| E|CS|TAMS 0x000000008ba00000, 0x000000008ba00000| Complete 
| 111|0x000000008bb00000, 0x000000008bc00000, 0x000000008bc00000|100%| E|CS|TAMS 0x000000008bb00000, 0x000000008bb00000| Complete 
| 112|0x000000008bc00000, 0x000000008bd00000, 0x000000008bd00000|100%| E|CS|TAMS 0x000000008bc00000, 0x000000008bc00000| Complete 
| 113|0x000000008bd00000, 0x000000008be00000, 0x000000008be00000|100%| E|CS|TAMS 0x000000008bd00000, 0x000000008bd00000| Complete 
| 114|0x000000008be00000, 0x000000008bf00000, 0x000000008bf00000|100%| E|CS|TAMS 0x000000008be00000, 0x000000008be00000| Complete 
| 120|0x000000008c400000, 0x000000008c500000, 0x000000008c500000|100%| E|CS|TAMS 0x000000008c400000, 0x000000008c400000| Complete 
| 121|0x000000008c500000, 0x000000008c600000, 0x000000008c600000|100%| E|CS|TAMS 0x000000008c500000, 0x000000008c500000| Complete 
| 122|0x000000008c600000, 0x000000008c700000, 0x000000008c700000|100%| E|CS|TAMS 0x000000008c600000, 0x000000008c600000| Complete 
| 123|0x000000008c700000, 0x000000008c800000, 0x000000008c800000|100%| E|CS|TAMS 0x000000008c700000, 0x000000008c700000| Complete 

Card table byte_map: [0x000002279f600000,0x000002279f9e0000] _byte_map_base: 0x000002279f1da000

Marking Bits (Prev, Next): (CMBitMap*) 0x000002278a9678e0, (CMBitMap*) 0x000002278a9678a0
 Prev Bits: [0x00000227a1c90000, 0x00000227a3b60000)
 Next Bits: [0x000002279fdc0000, 0x00000227a1c90000)

Polling page: 0x000002278a9f0000

Metaspace:

Usage:
  Non-class:     62.33 MB used.
      Class:      8.78 MB used.
       Both:     71.10 MB used.

Virtual space:
  Non-class space:       64.00 MB reserved,      62.56 MB ( 98%) committed,  8 nodes.
      Class space:        1.00 GB reserved,       9.00 MB ( <1%) committed,  1 nodes.
             Both:        1.06 GB reserved,      71.56 MB (  7%) committed. 

Chunk freelists:
   Non-Class:  688.00 KB
       Class:  3.03 MB
        Both:  3.70 MB

MaxMetaspaceSize: unlimited
CompressedClassSpaceSize: 1.00 GB
Initial GC threshold: 21.00 MB
Current GC threshold: 118.69 MB
CDS: off
MetaspaceReclaimPolicy: balanced
 - commit_granule_bytes: 65536.
 - commit_granule_words: 8192.
 - virtual_space_node_default_size: 1048576.
 - enlarge_chunks_in_place: 1.
 - new_chunks_are_fully_committed: 0.
 - uncommit_free_chunks: 1.
 - use_allocation_guard: 0.
 - handle_deallocations: 1.


Internal statistics:

num_allocs_failed_limit: 9.
num_arena_births: 560.
num_arena_deaths: 0.
num_vsnodes_births: 9.
num_vsnodes_deaths: 0.
num_space_committed: 1145.
num_space_uncommitted: 0.
num_chunks_returned_to_freelist: 9.
num_chunks_taken_from_freelist: 2935.
num_chunk_merges: 6.
num_chunk_splits: 2049.
num_chunks_enlarged: 1601.
num_purges: 0.
num_inconsistent_stats: 0.

CodeHeap 'non-profiled nmethods': size=120000Kb used=8311Kb max_used=8311Kb free=111688Kb
 bounds [0x0000022797290000, 0x0000022797ab0000, 0x000002279e7c0000]
CodeHeap 'profiled nmethods': size=120000Kb used=16341Kb max_used=19381Kb free=103658Kb
 bounds [0x000002278fd60000, 0x0000022791060000, 0x0000022797290000]
CodeHeap 'non-nmethods': size=5760Kb used=1308Kb max_used=1367Kb free=4451Kb
 bounds [0x000002278f7c0000, 0x000002278fa30000, 0x000002278fd60000]
 total_blobs=9202 nmethods=8586 adapters=527
 compilation: enabled
              stopped_count=0, restarted_count=0
 full_count=0

Compilation events (20 events):
Event: 51.175 Thread 0x00000227a700b9b0 nmethod 10968 0x0000022797aac510 code [0x0000022797aac680, 0x0000022797aace98]
Event: 51.175 Thread 0x00000227a700b9b0 10971       4       com.fasterxml.jackson.core.json.UTF8JsonGenerator::writeBoolean (65 bytes)
Event: 51.180 Thread 0x00000227a700b9b0 nmethod 10971 0x0000022797aacf90 code [0x0000022797aad120, 0x0000022797aad418]
Event: 51.180 Thread 0x00000227a700b9b0 10973       4       sun.nio.ch.IOStatus::okayToRetry (22 bytes)
Event: 51.181 Thread 0x00000227a700b9b0 nmethod 10973 0x0000022797aad710 code [0x0000022797aad880, 0x0000022797aad918]
Event: 51.181 Thread 0x00000227a700b9b0 10969   !   4       org.springframework.http.HttpHeaders::getFirstZonedDateTime (131 bytes)
Event: 51.182 Thread 0x00000227a700b9b0 nmethod 10969 0x0000022797aada10 code [0x0000022797aadba0, 0x0000022797aadc88]
Event: 51.182 Thread 0x00000227a700b9b0 10970       4       org.hibernate.internal.AbstractSharedSessionContract::<init> (490 bytes)
Event: 51.205 Thread 0x00000227a7020010 10976       3       sun.nio.ch.NioSocketImpl::isOpen (14 bytes)
Event: 51.206 Thread 0x00000227a7020010 nmethod 10976 0x000002278fe58a90 code [0x000002278fe58c20, 0x000002278fe58d98]
Event: 51.225 Thread 0x00000227a7020010 10978       3       sun.nio.ch.SocketChannelImpl::isNetSocket (26 bytes)
Event: 51.225 Thread 0x00000227a7020010 nmethod 10978 0x000002278ffc9b10 code [0x000002278ffc9ca0, 0x000002278ffc9e58]
Event: 51.239 Thread 0x00000227a7020010 10979       3       org.hibernate.engine.jdbc.internal.StatementPreparerImpl$5::doPrepare (43 bytes)
Event: 51.240 Thread 0x00000227a7020010 nmethod 10979 0x00000227907c4a90 code [0x00000227907c4ce0, 0x00000227907c54d8]
Event: 51.240 Thread 0x00000227a7020010 10980       3       org.hibernate.engine.jdbc.internal.StatementPreparerImpl::connection (10 bytes)
Event: 51.241 Thread 0x00000227a7020010 nmethod 10980 0x000002278fdd6510 code [0x000002278fdd66e0, 0x000002278fdd69f8]
Event: 51.241 Thread 0x00000227a7020010 10981       2       org.hibernate.engine.jdbc.internal.StatementPreparerImpl::logicalConnection (8 bytes)
Event: 51.241 Thread 0x00000227a7020010 nmethod 10981 0x000002278ff3b210 code [0x000002278ff3b3a0, 0x000002278ff3b4b8]
Event: 51.241 Thread 0x00000227a7020010 10982       3       org.hibernate.resource.jdbc.internal.LogicalConnectionManagedImpl::getPhysicalConnection (9 bytes)
Event: 51.241 Thread 0x00000227a7020010 nmethod 10982 0x0000022790160410 code [0x00000227901605c0, 0x00000227901607b8]

GC Heap History (20 events):
Event: 14.899 GC heap before
{Heap before GC invocations=34 (full 0):
 garbage-first heap   total 121856K, used 86112K [0x0000000084c00000, 0x0000000100000000)
  region size 1024K, 35 young (35840K), 6 survivors (6144K)
 Metaspace       used 71607K, committed 72128K, reserved 1114112K
  class space    used 8981K, committed 9216K, reserved 1048576K
}
Event: 14.906 GC heap after
{Heap after GC invocations=35 (full 0):
 garbage-first heap   total 121856K, used 58096K [0x0000000084c00000, 0x0000000100000000)
  region size 1024K, 2 young (2048K), 2 survivors (2048K)
 Metaspace       used 71607K, committed 72128K, reserved 1114112K
  class space    used 8981K, committed 9216K, reserved 1048576K
}
Event: 16.366 GC heap before
{Heap before GC invocations=35 (full 0):
 garbage-first heap   total 121856K, used 89840K [0x0000000084c00000, 0x0000000100000000)
  region size 1024K, 33 young (33792K), 2 survivors (2048K)
 Metaspace       used 72390K, committed 72896K, reserved 1114112K
  class space    used 8984K, committed 9216K, reserved 1048576K
}
Event: 16.368 GC heap after
{Heap after GC invocations=36 (full 0):
 garbage-first heap   total 121856K, used 57597K [0x0000000084c00000, 0x0000000100000000)
  region size 1024K, 1 young (1024K), 1 survivors (1024K)
 Metaspace       used 72390K, committed 72896K, reserved 1114112K
  class space    used 8984K, committed 9216K, reserved 1048576K
}
Event: 18.605 GC heap before
{Heap before GC invocations=37 (full 0):
 garbage-first heap   total 121856K, used 84221K [0x0000000084c00000, 0x0000000100000000)
  region size 1024K, 36 young (36864K), 1 survivors (1024K)
 Metaspace       used 72779K, committed 73216K, reserved 1114112K
  class space    used 8984K, committed 9216K, reserved 1048576K
}
Event: 18.609 GC heap after
{Heap after GC invocations=38 (full 0):
 garbage-first heap   total 121856K, used 48371K [0x0000000084c00000, 0x0000000100000000)
  region size 1024K, 1 young (1024K), 1 survivors (1024K)
 Metaspace       used 72779K, committed 73216K, reserved 1114112K
  class space    used 8984K, committed 9216K, reserved 1048576K
}
Event: 18.933 GC heap before
{Heap before GC invocations=38 (full 0):
 garbage-first heap   total 121856K, used 52467K [0x0000000084c00000, 0x0000000100000000)
  region size 1024K, 5 young (5120K), 1 survivors (1024K)
 Metaspace       used 72779K, committed 73216K, reserved 1114112K
  class space    used 8984K, committed 9216K, reserved 1048576K
}
Event: 18.937 GC heap after
{Heap after GC invocations=39 (full 0):
 garbage-first heap   total 121856K, used 36081K [0x0000000084c00000, 0x0000000100000000)
  region size 1024K, 1 young (1024K), 1 survivors (1024K)
 Metaspace       used 72779K, committed 73216K, reserved 1114112K
  class space    used 8984K, committed 9216K, reserved 1048576K
}
Event: 19.211 GC heap before
{Heap before GC invocations=39 (full 0):
 garbage-first heap   total 121856K, used 40177K [0x0000000084c00000, 0x0000000100000000)
  region size 1024K, 5 young (5120K), 1 survivors (1024K)
 Metaspace       used 72779K, committed 73216K, reserved 1114112K
  class space    used 8984K, committed 9216K, reserved 1048576K
}
Event: 19.214 GC heap after
{Heap after GC invocations=40 (full 0):
 garbage-first heap   total 121856K, used 33294K [0x0000000084c00000, 0x0000000100000000)
  region size 1024K, 1 young (1024K), 1 survivors (1024K)
 Metaspace       used 72779K, committed 73216K, reserved 1114112K
  class space    used 8984K, committed 9216K, reserved 1048576K
}
Event: 24.183 GC heap before
{Heap before GC invocations=40 (full 0):
 garbage-first heap   total 121856K, used 90638K [0x0000000084c00000, 0x0000000100000000)
  region size 1024K, 57 young (58368K), 1 survivors (1024K)
 Metaspace       used 72788K, committed 73216K, reserved 1114112K
  class space    used 8985K, committed 9216K, reserved 1048576K
}
Event: 24.186 GC heap after
{Heap after GC invocations=41 (full 0):
 garbage-first heap   total 121856K, used 33300K [0x0000000084c00000, 0x0000000100000000)
  region size 1024K, 1 young (1024K), 1 survivors (1024K)
 Metaspace       used 72788K, committed 73216K, reserved 1114112K
  class space    used 8985K, committed 9216K, reserved 1048576K
}
Event: 29.528 GC heap before
{Heap before GC invocations=41 (full 0):
 garbage-first heap   total 121856K, used 98836K [0x0000000084c00000, 0x0000000100000000)
  region size 1024K, 65 young (66560K), 1 survivors (1024K)
 Metaspace       used 72796K, committed 73216K, reserved 1114112K
  class space    used 8986K, committed 9216K, reserved 1048576K
}
Event: 29.530 GC heap after
{Heap after GC invocations=42 (full 0):
 garbage-first heap   total 121856K, used 33328K [0x0000000084c00000, 0x0000000100000000)
  region size 1024K, 1 young (1024K), 1 survivors (1024K)
 Metaspace       used 72796K, committed 73216K, reserved 1114112K
  class space    used 8986K, committed 9216K, reserved 1048576K
}
Event: 34.622 GC heap before
{Heap before GC invocations=42 (full 0):
 garbage-first heap   total 121856K, used 100912K [0x0000000084c00000, 0x0000000100000000)
  region size 1024K, 67 young (68608K), 1 survivors (1024K)
 Metaspace       used 72796K, committed 73216K, reserved 1114112K
  class space    used 8986K, committed 9216K, reserved 1048576K
}
Event: 34.625 GC heap after
{Heap after GC invocations=43 (full 0):
 garbage-first heap   total 121856K, used 33331K [0x0000000084c00000, 0x0000000100000000)
  region size 1024K, 1 young (1024K), 1 survivors (1024K)
 Metaspace       used 72796K, committed 73216K, reserved 1114112K
  class space    used 8986K, committed 9216K, reserved 1048576K
}
Event: 40.033 GC heap before
{Heap before GC invocations=43 (full 0):
 garbage-first heap   total 121856K, used 101939K [0x0000000084c00000, 0x0000000100000000)
  region size 1024K, 68 young (69632K), 1 survivors (1024K)
 Metaspace       used 72797K, committed 73216K, reserved 1114112K
  class space    used 8986K, committed 9216K, reserved 1048576K
}
Event: 40.037 GC heap after
{Heap after GC invocations=44 (full 0):
 garbage-first heap   total 121856K, used 33342K [0x0000000084c00000, 0x0000000100000000)
  region size 1024K, 1 young (1024K), 1 survivors (1024K)
 Metaspace       used 72797K, committed 73216K, reserved 1114112K
  class space    used 8986K, committed 9216K, reserved 1048576K
}
Event: 45.440 GC heap before
{Heap before GC invocations=44 (full 0):
 garbage-first heap   total 121856K, used 102974K [0x0000000084c00000, 0x0000000100000000)
  region size 1024K, 69 young (70656K), 1 survivors (1024K)
 Metaspace       used 72806K, committed 73280K, reserved 1114112K
  class space    used 8987K, committed 9216K, reserved 1048576K
}
Event: 45.452 GC heap after
{Heap after GC invocations=45 (full 0):
 garbage-first heap   total 121856K, used 33356K [0x0000000084c00000, 0x0000000100000000)
  region size 1024K, 1 young (1024K), 1 survivors (1024K)
 Metaspace       used 72806K, committed 73280K, reserved 1114112K
  class space    used 8987K, committed 9216K, reserved 1048576K
}

Deoptimization events (20 events):
Event: 51.155 Thread 0x00000227ab41a300 Uncommon trap: trap_request=0xffffff45 fr.pc=0x000002279783e354 relative=0x0000000000000914
Event: 51.155 Thread 0x00000227ab41a300 Uncommon trap: reason=unstable_if action=reinterpret pc=0x000002279783e354 method=sun.nio.ch.NioSocketImpl.implRead([BII)I @ 61 c2
Event: 51.155 Thread 0x00000227ab41a300 DEOPT PACKING pc=0x000002279783e354 sp=0x000000ffea3fc060
Event: 51.155 Thread 0x00000227ab41a300 DEOPT UNPACKING pc=0x000002278f815c23 sp=0x000000ffea3fbf70 mode 2
Event: 51.156 Thread 0x00000227ab41a300 Uncommon trap: trap_request=0xffffff45 fr.pc=0x00000227977f13bc relative=0x00000000000002bc
Event: 51.156 Thread 0x00000227ab41a300 Uncommon trap: reason=unstable_if action=reinterpret pc=0x00000227977f13bc method=org.postgresql.jdbc.PgPreparedStatement.executeWithFlags(I)Z @ 60 c2
Event: 51.156 Thread 0x00000227ab41a300 DEOPT PACKING pc=0x00000227977f13bc sp=0x000000ffea3fc480
Event: 51.156 Thread 0x00000227ab41a300 DEOPT UNPACKING pc=0x000002278f815c23 sp=0x000000ffea3fc430 mode 2
Event: 51.159 Thread 0x00000227ab0cd330 Uncommon trap: trap_request=0xffffff45 fr.pc=0x000002279743da68 relative=0x00000000000004c8
Event: 51.159 Thread 0x00000227ab0cd330 Uncommon trap: reason=unstable_if action=reinterpret pc=0x000002279743da68 method=org.postgresql.jdbc.PgStatement.closeForNextExecution()V @ 26 c2
Event: 51.159 Thread 0x00000227ab0cd330 DEOPT PACKING pc=0x000002279743da68 sp=0x000000ffea2fc2e0
Event: 51.159 Thread 0x00000227ab0cd330 DEOPT UNPACKING pc=0x000002278f815c23 sp=0x000000ffea2fc2b0 mode 2
Event: 51.159 Thread 0x00000227ab0cd330 Uncommon trap: trap_request=0xffffff45 fr.pc=0x00000227977eb74c relative=0x000000000000012c
Event: 51.159 Thread 0x00000227ab0cd330 Uncommon trap: reason=unstable_if action=reinterpret pc=0x00000227977eb74c method=org.postgresql.core.v3.SimpleQuery.isPreparedFor([IS)Z @ 4 c2
Event: 51.159 Thread 0x00000227ab0cd330 DEOPT PACKING pc=0x00000227977eb74c sp=0x000000ffea2fbfd0
Event: 51.159 Thread 0x00000227ab0cd330 DEOPT UNPACKING pc=0x000002278f815c23 sp=0x000000ffea2fbf70 mode 2
Event: 51.159 Thread 0x00000227ab0cd330 Uncommon trap: trap_request=0xffffff45 fr.pc=0x00000227977e74cc relative=0x00000000000004ec
Event: 51.159 Thread 0x00000227ab0cd330 Uncommon trap: reason=unstable_if action=reinterpret pc=0x00000227977e74cc method=sun.nio.ch.NioSocketImpl.implRead([BII)I @ 61 c2
Event: 51.159 Thread 0x00000227ab0cd330 DEOPT PACKING pc=0x00000227977e74cc sp=0x000000ffea2fbf50
Event: 51.159 Thread 0x00000227ab0cd330 DEOPT UNPACKING pc=0x000002278f815c23 sp=0x000000ffea2fbf18 mode 2

Classes unloaded (0 events):
No events

Classes redefined (0 events):
No events

Internal exceptions (20 events):
Event: 10.063 Thread 0x000002278a929600 Exception <a 'java/lang/ClassNotFoundException'{0x0000000087398028}: org/springframework/context/ApplicationContextAwareCustomizer> (0x0000000087398028) 
thrown [e:\jenkins\tmp\workspace\build\src\src\hotspot\share\classfile\systemDictionary.cpp, line 256]
Event: 10.064 Thread 0x000002278a929600 Exception <a 'java/lang/ClassNotFoundException'{0x000000008739ce20}: org/springframework/beans/factory/AwareCustomizer> (0x000000008739ce20) 
thrown [e:\jenkins\tmp\workspace\build\src\src\hotspot\share\classfile\systemDictionary.cpp, line 256]
Event: 10.064 Thread 0x000002278a929600 Exception <a 'java/lang/ClassNotFoundException'{0x00000000873a0470}: org/springframework/web/context/ServletContextAwareCustomizer> (0x00000000873a0470) 
thrown [e:\jenkins\tmp\workspace\build\src\src\hotspot\share\classfile\systemDictionary.cpp, line 256]
Event: 10.065 Thread 0x000002278a929600 Exception <a 'java/lang/ClassNotFoundException'{0x00000000873a4bb0}: org/springframework/beans/factory/AwareCustomizer> (0x00000000873a4bb0) 
thrown [e:\jenkins\tmp\workspace\build\src\src\hotspot\share\classfile\systemDictionary.cpp, line 256]
Event: 10.488 Thread 0x000002278a929600 Exception <a 'java/lang/NoSuchMethodError'{0x00000000872b1db8}: 'void java.lang.invoke.DirectMethodHandle$Holder.invokeVirtual(java.lang.Object, java.lang.Object, int)'> (0x00000000872b1db8) 
thrown [e:\jenkins\tmp\workspace\build\src\src\hotspot\share\interpreter\linkResolver.cpp, line 766]
Event: 10.492 Thread 0x000002278a929600 Exception <a 'java/lang/NoSuchMethodError'{0x00000000872ccbb0}: 'void java.lang.invoke.DirectMethodHandle$Holder.invokeVirtual(java.lang.Object, java.lang.Object, long)'> (0x00000000872ccbb0) 
thrown [e:\jenkins\tmp\workspace\build\src\src\hotspot\share\interpreter\linkResolver.cpp, line 766]
Event: 10.779 Thread 0x000002278a929600 Exception <a 'java/lang/IncompatibleClassChangeError'{0x000000008c6e19b8}: Found class java.lang.Object, but interface was expected> (0x000000008c6e19b8) 
thrown [e:\jenkins\tmp\workspace\build\src\src\hotspot\share\interpreter\linkResolver.cpp, line 833]
Event: 11.435 Thread 0x00000227ad2836c0 Implicit null exception at 0x000002279754d5db to 0x000002279754d654
Event: 11.516 Thread 0x00000227ab0ceb40 Implicit null exception at 0x00000227972bf45b to 0x00000227972c05b4
Event: 11.736 Thread 0x00000227ab0ceb40 Implicit null exception at 0x0000022797508c90 to 0x000002279750a00c
Event: 11.966 Thread 0x000002278a929600 Exception <a 'java/lang/NoSuchMethodError'{0x000000008b11ecb0}: 'int java.lang.invoke.DirectMethodHandle$Holder.invokeStaticInit(java.lang.Object, java.lang.Object, java.lang.Object, java.lang.Object)'> (0x000000008b11ecb0) 
thrown [e:\jenkins\tmp\workspace\build\src\src\hotspot\share\interpreter\linkResolver.cpp, line 766]
Event: 11.975 Thread 0x000002278a929600 Implicit null exception at 0x0000022797430d8f to 0x00000227974312de
Event: 12.132 Thread 0x000002278a929600 Implicit null exception at 0x00000227973c563a to 0x00000227973c5830
Event: 12.232 Thread 0x000002278a929600 Exception <a 'java/lang/NoSuchMethodError'{0x000000008ab22798}: 'java.lang.Object java.lang.invoke.DirectMethodHandle$Holder.invokeSpecial(java.lang.Object, java.lang.Object, int, java.lang.Object, int, java.lang.Object)'> (0x000000008ab22798) 
thrown [e:\jenkins\tmp\workspace\build\src\src\hotspot\share\interpreter\linkResolver.cpp, line 766]
Event: 12.233 Thread 0x000002278a929600 Exception <a 'java/lang/NoSuchMethodError'{0x000000008ab2a598}: 'java.lang.Object java.lang.invoke.DirectMethodHandle$Holder.newInvokeSpecial(java.lang.Object, java.lang.Object, int, java.lang.Object, int)'> (0x000000008ab2a598) 
thrown [e:\jenkins\tmp\workspace\build\src\src\hotspot\share\interpreter\linkResolver.cpp, line 766]
Event: 12.234 Thread 0x000002278a929600 Exception <a 'java/lang/NoSuchMethodError'{0x000000008ab2e698}: 'java.lang.Object java.lang.invoke.DirectMethodHandle$Holder.invokeSpecial(java.lang.Object, java.lang.Object, java.lang.Object, int, java.lang.Object, int)'> (0x000000008ab2e698) 
thrown [e:\jenkins\tmp\workspace\build\src\src\hotspot\share\interpreter\linkResolver.cpp, line 766]
Event: 12.236 Thread 0x000002278a929600 Exception <a 'java/lang/NoSuchMethodError'{0x000000008ab38528}: 'void java.lang.invoke.DirectMethodHandle$Holder.invokeVirtual(java.lang.Object, java.lang.Object)'> (0x000000008ab38528) 
thrown [e:\jenkins\tmp\workspace\build\src\src\hotspot\share\interpreter\linkResolver.cpp, line 766]
Event: 12.924 Thread 0x00000227ab0cc4c0 Exception <a 'java/lang/NoSuchMethodError'{0x0000000089da84a8}: 'java.lang.Object java.lang.invoke.DirectMethodHandle$Holder.invokeStaticInit(java.lang.Object, java.lang.Object, java.lang.Object, java.lang.Object, java.lang.Object, java.lang.Object)'> (0x0000000089da84a8) 
thrown [e:\jenkins\tmp\workspace\build\src\src\hotspot\share\interpreter\linkResolver.cpp, line 766]
Event: 51.155 Thread 0x00000227ab41a300 Implicit null exception at 0x000002279796cf56 to 0x000002279796e10c
Event: 51.159 Thread 0x00000227ab0cd330 Implicit null exception at 0x000002279743d6a5 to 0x000002279743da5c

VM Operations (20 events):
Event: 41.040 Executing VM operation: Cleanup
Event: 41.040 Executing VM operation: Cleanup done
Event: 43.059 Executing VM operation: Cleanup
Event: 43.059 Executing VM operation: Cleanup done
Event: 44.056 Executing VM operation: HandshakeAllThreads
Event: 44.057 Executing VM operation: HandshakeAllThreads done
Event: 45.062 Executing VM operation: Cleanup
Event: 45.063 Executing VM operation: Cleanup done
Event: 45.440 Executing VM operation: G1CollectForAllocation
Event: 45.452 Executing VM operation: G1CollectForAllocation done
Event: 46.462 Executing VM operation: Cleanup
Event: 46.463 Executing VM operation: Cleanup done
Event: 47.477 Executing VM operation: Cleanup
Event: 47.478 Executing VM operation: Cleanup done
Event: 48.492 Executing VM operation: Cleanup
Event: 48.492 Executing VM operation: Cleanup done
Event: 49.505 Executing VM operation: Cleanup
Event: 49.505 Executing VM operation: Cleanup done
Event: 50.516 Executing VM operation: Cleanup
Event: 50.516 Executing VM operation: Cleanup done

Events (20 events):
Event: 44.064 Thread 0x00000227a7020910 flushing nmethod 0x0000022790006810
Event: 44.064 Thread 0x00000227a7020910 flushing nmethod 0x0000022790076d90
Event: 44.065 Thread 0x00000227a7020910 flushing nmethod 0x00000227900b6a10
Event: 44.067 Thread 0x00000227a7020910 flushing nmethod 0x0000022790295810
Event: 44.068 Thread 0x00000227a7020910 flushing nmethod 0x000002279036c910
Event: 44.070 Thread 0x00000227a7020910 flushing nmethod 0x0000022790520890
Event: 44.071 Thread 0x00000227a7020910 flushing nmethod 0x0000022790583d10
Event: 44.071 Thread 0x00000227a7020910 flushing nmethod 0x0000022790594190
Event: 44.072 Thread 0x00000227a7020910 flushing nmethod 0x000002279068b410
Event: 44.073 Thread 0x00000227a7020910 flushing nmethod 0x0000022790808e90
Event: 44.073 Thread 0x00000227a7020910 flushing nmethod 0x0000022790816010
Event: 44.073 Thread 0x00000227a7020910 flushing nmethod 0x0000022790816c90
Event: 44.074 Thread 0x00000227a7020910 flushing nmethod 0x0000022790942910
Event: 44.075 Thread 0x00000227a7020910 flushing nmethod 0x0000022790a16310
Event: 44.075 Thread 0x00000227a7020910 flushing nmethod 0x0000022790a94710
Event: 44.075 Thread 0x00000227a7020910 flushing nmethod 0x0000022790b08c10
Event: 44.075 Thread 0x00000227a7020910 flushing nmethod 0x0000022790b50110
Event: 44.076 Thread 0x00000227a7020910 flushing nmethod 0x0000022790cb3690
Event: 44.601 Thread 0x00000227acff6150 Thread added: 0x00000227acff6150
Event: 45.819 Thread 0x00000227acff6150 Thread exited: 0x00000227acff6150


Dynamic libraries:
0x00007ff6e9280000 - 0x00007ff6e928e000 	C:\Users\venka\eclipse\plugins\org.eclipse.justj.openjdk.hotspot.jre.full.win32.x86_64_17.0.2.v20220201-1208\jre\bin\javaw.exe
0x00007ffefff10000 - 0x00007fff00124000 	C:\WINDOWS\SYSTEM32\ntdll.dll
0x00007ffefe1b0000 - 0x00007ffefe272000 	C:\WINDOWS\System32\KERNEL32.DLL
0x00007ffefd740000 - 0x00007ffefdadd000 	C:\WINDOWS\System32\KERNELBASE.dll
0x00007ffefdbf0000 - 0x00007ffefdd01000 	C:\WINDOWS\System32\ucrtbase.dll
0x00007ffef7210000 - 0x00007ffef7228000 	C:\Users\venka\eclipse\plugins\org.eclipse.justj.openjdk.hotspot.jre.full.win32.x86_64_17.0.2.v20220201-1208\jre\bin\jli.dll
0x00007ffee5b80000 - 0x00007ffee5b99000 	C:\Users\venka\eclipse\plugins\org.eclipse.justj.openjdk.hotspot.jre.full.win32.x86_64_17.0.2.v20220201-1208\jre\bin\VCRUNTIME140.dll
0x00007ffeff1e0000 - 0x00007ffeff38a000 	C:\WINDOWS\System32\USER32.dll
0x00007ffefd5a0000 - 0x00007ffefd5c6000 	C:\WINDOWS\System32\win32u.dll
0x00007ffee1330000 - 0x00007ffee15be000 	C:\WINDOWS\WinSxS\amd64_microsoft.windows.common-controls_6595b64144ccf1df_6.0.22621.436_none_a94247dbc10d8414\COMCTL32.dll
0x00007ffeffcc0000 - 0x00007ffeffd67000 	C:\WINDOWS\System32\msvcrt.dll
0x00007ffeffea0000 - 0x00007ffeffec9000 	C:\WINDOWS\System32\GDI32.dll
0x00007ffefd340000 - 0x00007ffefd452000 	C:\WINDOWS\System32\gdi32full.dll
0x00007ffefdb50000 - 0x00007ffefdbea000 	C:\WINDOWS\System32\msvcp_win.dll
0x00007ffeffc80000 - 0x00007ffeffcb2000 	C:\WINDOWS\System32\IMM32.DLL
0x00007ffee5fb0000 - 0x00007ffee5fbc000 	C:\Users\venka\eclipse\plugins\org.eclipse.justj.openjdk.hotspot.jre.full.win32.x86_64_17.0.2.v20220201-1208\jre\bin\vcruntime140_1.dll
0x00007ffed36a0000 - 0x00007ffed3731000 	C:\Users\venka\eclipse\plugins\org.eclipse.justj.openjdk.hotspot.jre.full.win32.x86_64_17.0.2.v20220201-1208\jre\bin\msvcp140.dll
0x00007ffeacf60000 - 0x00007ffeadba7000 	C:\Users\venka\eclipse\plugins\org.eclipse.justj.openjdk.hotspot.jre.full.win32.x86_64_17.0.2.v20220201-1208\jre\bin\server\jvm.dll
0x00007ffeff480000 - 0x00007ffeff52e000 	C:\WINDOWS\System32\ADVAPI32.dll
0x00007ffeffbd0000 - 0x00007ffeffc74000 	C:\WINDOWS\System32\sechost.dll
0x00007ffeff530000 - 0x00007ffeff645000 	C:\WINDOWS\System32\RPCRT4.dll
0x00007ffefec50000 - 0x00007ffefec58000 	C:\WINDOWS\System32\PSAPI.DLL
0x00007ffedf590000 - 0x00007ffedf599000 	C:\WINDOWS\SYSTEM32\WSOCK32.dll
0x00007ffef5a20000 - 0x00007ffef5a54000 	C:\WINDOWS\SYSTEM32\WINMM.dll
0x00007ffefeac0000 - 0x00007ffefeb31000 	C:\WINDOWS\System32\WS2_32.dll
0x00007ffef6370000 - 0x00007ffef637a000 	C:\WINDOWS\SYSTEM32\VERSION.dll
0x00007ffefc3c0000 - 0x00007ffefc3d8000 	C:\WINDOWS\SYSTEM32\kernel.appcore.dll
0x00007ffefa3d0000 - 0x00007ffefa3da000 	C:\Users\venka\eclipse\plugins\org.eclipse.justj.openjdk.hotspot.jre.full.win32.x86_64_17.0.2.v20220201-1208\jre\bin\jimage.dll
0x00007ffefad70000 - 0x00007ffefaf9e000 	C:\WINDOWS\SYSTEM32\DBGHELP.DLL
0x00007ffeff740000 - 0x00007ffeffac9000 	C:\WINDOWS\System32\combase.dll
0x00007ffefded0000 - 0x00007ffefdfa7000 	C:\WINDOWS\System32\OLEAUT32.dll
0x00007ffedded0000 - 0x00007ffeddf02000 	C:\WINDOWS\SYSTEM32\dbgcore.DLL
0x00007ffefd460000 - 0x00007ffefd4db000 	C:\WINDOWS\System32\bcryptPrimitives.dll
0x00007ffef7100000 - 0x00007ffef7125000 	C:\Users\venka\eclipse\plugins\org.eclipse.justj.openjdk.hotspot.jre.full.win32.x86_64_17.0.2.v20220201-1208\jre\bin\java.dll
0x00007ffef6ff0000 - 0x00007ffef7008000 	C:\Users\venka\eclipse\plugins\org.eclipse.justj.openjdk.hotspot.jre.full.win32.x86_64_17.0.2.v20220201-1208\jre\bin\zip.dll
0x00007ffefe2e0000 - 0x00007ffefeac0000 	C:\WINDOWS\System32\SHELL32.dll
0x00007ffefb390000 - 0x00007ffefbc54000 	C:\WINDOWS\SYSTEM32\windows.storage.dll
0x00007ffefb250000 - 0x00007ffefb38d000 	C:\WINDOWS\SYSTEM32\wintypes.dll
0x00007ffefeb40000 - 0x00007ffefec31000 	C:\WINDOWS\System32\SHCORE.dll
0x00007ffefe280000 - 0x00007ffefe2de000 	C:\WINDOWS\System32\shlwapi.dll
0x00007ffefd270000 - 0x00007ffefd291000 	C:\WINDOWS\SYSTEM32\profapi.dll
0x00007ffee6270000 - 0x00007ffee6289000 	C:\Users\venka\eclipse\plugins\org.eclipse.justj.openjdk.hotspot.jre.full.win32.x86_64_17.0.2.v20220201-1208\jre\bin\net.dll
0x00007ffef5890000 - 0x00007ffef59bf000 	C:\WINDOWS\SYSTEM32\WINHTTP.dll
0x00007ffefc820000 - 0x00007ffefc889000 	C:\WINDOWS\system32\mswsock.dll
0x00007ffee6250000 - 0x00007ffee6265000 	C:\Users\venka\eclipse\plugins\org.eclipse.justj.openjdk.hotspot.jre.full.win32.x86_64_17.0.2.v20220201-1208\jre\bin\nio.dll
0x00007ffef87c0000 - 0x00007ffef87d0000 	C:\Users\venka\eclipse\plugins\org.eclipse.justj.openjdk.hotspot.jre.full.win32.x86_64_17.0.2.v20220201-1208\jre\bin\verify.dll
0x00007ffef7140000 - 0x00007ffef7149000 	C:\Users\venka\eclipse\plugins\org.eclipse.justj.openjdk.hotspot.jre.full.win32.x86_64_17.0.2.v20220201-1208\jre\bin\management.dll
0x00007ffef63f0000 - 0x00007ffef63fb000 	C:\Users\venka\eclipse\plugins\org.eclipse.justj.openjdk.hotspot.jre.full.win32.x86_64_17.0.2.v20220201-1208\jre\bin\management_ext.dll
0x00007ffea5770000 - 0x00007ffea5787000 	C:\WINDOWS\system32\napinsp.dll
0x00007ffea5750000 - 0x00007ffea576b000 	C:\WINDOWS\system32\pnrpnsp.dll
0x00007ffefbf20000 - 0x00007ffefc012000 	C:\WINDOWS\SYSTEM32\DNSAPI.dll
0x00007ffefbeb0000 - 0x00007ffefbedd000 	C:\WINDOWS\SYSTEM32\IPHLPAPI.DLL
0x00007ffeff470000 - 0x00007ffeff479000 	C:\WINDOWS\System32\NSI.dll
0x00007ffea5730000 - 0x00007ffea5741000 	C:\WINDOWS\System32\winrnr.dll
0x00007ffef5a00000 - 0x00007ffef5a15000 	C:\WINDOWS\system32\wshbth.dll
0x00007ffea6d10000 - 0x00007ffea6d31000 	C:\WINDOWS\system32\nlansp_c.dll
0x00007ffee36a0000 - 0x00007ffee36aa000 	C:\Windows\System32\rasadhlp.dll
0x00007ffef3b10000 - 0x00007ffef3b93000 	C:\WINDOWS\System32\fwpuclnt.dll
0x00007ffefca60000 - 0x00007ffefca7b000 	C:\WINDOWS\SYSTEM32\CRYPTSP.dll
0x00007ffefc330000 - 0x00007ffefc365000 	C:\WINDOWS\system32\rsaenh.dll
0x00007ffefc910000 - 0x00007ffefc938000 	C:\WINDOWS\SYSTEM32\USERENV.dll
0x00007ffefcc20000 - 0x00007ffefcc48000 	C:\WINDOWS\SYSTEM32\bcrypt.dll
0x00007ffefca80000 - 0x00007ffefca8c000 	C:\WINDOWS\SYSTEM32\CRYPTBASE.dll
0x00007ffef6280000 - 0x00007ffef6299000 	C:\WINDOWS\SYSTEM32\dhcpcsvc6.DLL
0x00007ffef59e0000 - 0x00007ffef59ff000 	C:\WINDOWS\SYSTEM32\dhcpcsvc.DLL
0x00007ffef8750000 - 0x00007ffef875e000 	C:\Users\venka\eclipse\plugins\org.eclipse.justj.openjdk.hotspot.jre.full.win32.x86_64_17.0.2.v20220201-1208\jre\bin\sunmscapi.dll
0x00007ffefd5d0000 - 0x00007ffefd736000 	C:\WINDOWS\System32\CRYPT32.dll
0x00007ffefcbf0000 - 0x00007ffefcc1d000 	C:\WINDOWS\SYSTEM32\ncrypt.dll
0x00007ffefcbb0000 - 0x00007ffefcbe7000 	C:\WINDOWS\SYSTEM32\NTASN1.dll
0x00007ffee5b70000 - 0x00007ffee5b78000 	C:\WINDOWS\system32\wshunix.dll

dbghelp: loaded successfully - version: 4.0.5 - missing functions: none
symbol engine: initialized successfully - sym options: 0x614 - pdb path: .;C:\Users\venka\eclipse\plugins\org.eclipse.justj.openjdk.hotspot.jre.full.win32.x86_64_17.0.2.v20220201-1208\jre\bin;C:\WINDOWS\SYSTEM32;C:\WINDOWS\WinSxS\amd64_microsoft.windows.common-controls_6595b64144ccf1df_6.0.22621.436_none_a94247dbc10d8414;C:\Users\venka\eclipse\plugins\org.eclipse.justj.openjdk.hotspot.jre.full.win32.x86_64_17.0.2.v20220201-1208\jre\bin\server

VM Arguments:
jvm_args: -Dfile.encoding=UTF-8 -XX:+ShowCodeDetailsInExceptionMessages 
java_command: com.amusementBookingApplication.AmusementBookingApplication
java_class_path (initial): C:\Users\venka\git\repository2\Amusement-Booking-Application\target\classes;C:\Users\venka\.m2\repository\org\springframework\boot\spring-boot-starter-data-jpa\2.7.4\spring-boot-starter-data-jpa-2.7.4.jar;C:\Users\venka\.m2\repository\org\springframework\boot\spring-boot-starter-aop\2.7.4\spring-boot-starter-aop-2.7.4.jar;C:\Users\venka\.m2\repository\org\springframework\spring-aop\5.3.23\spring-aop-5.3.23.jar;C:\Users\venka\.m2\repository\org\aspectj\aspectjweaver\1.9.7\aspectjweaver-1.9.7.jar;C:\Users\venka\.m2\repository\org\springframework\boot\spring-boot-starter-jdbc\2.7.4\spring-boot-starter-jdbc-2.7.4.jar;C:\Users\venka\.m2\repository\com\zaxxer\HikariCP\4.0.3\HikariCP-4.0.3.jar;C:\Users\venka\.m2\repository\org\springframework\spring-jdbc\5.3.23\spring-jdbc-5.3.23.jar;C:\Users\venka\.m2\repository\jakarta\transaction\jakarta.transaction-api\1.3.3\jakarta.transaction-api-1.3.3.jar;C:\Users\venka\.m2\repository\jakarta\persistence\jakarta.persistence-api\2.2.3\jakarta.persistence-api-2.2.3.jar;C:\Users\venka\.m2\repository\org\hibernate\hibernate-core\5.6.11.Final\hibernate-core-5.6.11.Final.jar;C:\Users\venka\.m2\repository\org\jboss\logging\jboss-logging\3.4.3.Final\jboss-logging-3.4.3.Final.jar;C:\Users\venka\.m2\repository\net\bytebuddy\byte-buddy\1.12.17\byte-buddy-1.12.17.jar;C:\Users\venka\.m2\repository\antlr\antlr\2.7.7\antlr-2.7.7.jar;C:\Users\venka\.m2\repository\org\jboss\jandex\2.4.2.Final\jandex-2.4.2.Final.jar;C:\Users\venka\.m2\repository\com\fasterxml\classmate\1.5.1\classmate-1.5.1.jar;C:\Users\venka\.m2\repository\org\hibernate\common\hibernate-commons-annotations\5.1.2.Final\hibernate-commons-annotations-5.1.2.Final.jar;C:\Users\venka\.m2\repository\org\glassfish\jaxb\jaxb-runtime\2.3.6\jaxb-runtime-2.3.6.jar;C:\Users\venka\.m2\repository\org\glassfish\jaxb\txw2\2.3.6\txw2-2.3.6.jar;C:\Users\venka\.m2\repository\com\sun\istack\istack-commons-runtime\3.0.12\istack-commons-runtime-3.0.12.jar;C:\Users\venka\.m2\re
Launcher Type: SUN_STANDARD

[Global flags]
     intx CICompilerCount                          = 4                                         {product} {ergonomic}
     uint ConcGCThreads                            = 2                                         {product} {ergonomic}
     uint G1ConcRefinementThreads                  = 8                                         {product} {ergonomic}
   size_t G1HeapRegionSize                         = 1048576                                   {product} {ergonomic}
    uintx GCDrainStackTargetSize                   = 64                                        {product} {ergonomic}
   size_t InitialHeapSize                          = 130023424                                 {product} {ergonomic}
   size_t MarkStackSize                            = 4194304                                   {product} {ergonomic}
   size_t MaxHeapSize                              = 2067791872                                {product} {ergonomic}
   size_t MaxNewSize                               = 1240465408                                {product} {ergonomic}
   size_t MinHeapDeltaBytes                        = 1048576                                   {product} {ergonomic}
   size_t MinHeapSize                              = 8388608                                   {product} {ergonomic}
    uintx NonNMethodCodeHeapSize                   = 5839372                                {pd product} {ergonomic}
    uintx NonProfiledCodeHeapSize                  = 122909434                              {pd product} {ergonomic}
    uintx ProfiledCodeHeapSize                     = 122909434                              {pd product} {ergonomic}
    uintx ReservedCodeCacheSize                    = 251658240                              {pd product} {ergonomic}
     bool SegmentedCodeCache                       = true                                      {product} {ergonomic}
     bool ShowCodeDetailsInExceptionMessages       = true                                   {manageable} {command line}
   size_t SoftMaxHeapSize                          = 2067791872                             {manageable} {ergonomic}
     bool UseCompressedClassPointers               = true                           {product lp64_product} {ergonomic}
     bool UseCompressedOops                        = true                           {product lp64_product} {ergonomic}
     bool UseG1GC                                  = true                                      {product} {ergonomic}
     bool UseLargePagesIndividualAllocation        = false                                  {pd product} {ergonomic}

Logging:
Log output configuration:
 #0: stdout all=warning uptime,level,tags
 #1: stderr all=off uptime,level,tags

Environment Variables:
JAVA_HOME=C:\Program Files\Java\jdk1.8.0_181
PATH=C:/Users/venka/eclipse//plugins/org.eclipse.justj.openjdk.hotspot.jre.full.win32.x86_64_17.0.2.v20220201-1208/jre/bin/server;C:/Users/venka/eclipse//plugins/org.eclipse.justj.openjdk.hotspot.jre.full.win32.x86_64_17.0.2.v20220201-1208/jre/bin;C:\Python310\Scripts\;C:\Python310\;C:\Program Files\Java\jdk1.8.0_181\bin;C:\Program Files\Java\jre1.8.0_181\bin;C:\Program Files (x86)\Common Files\Oracle\Java\javapath;C:\WINDOWS\system32;C:\WINDOWS;C:\WINDOWS\System32\Wbem;C:\WINDOWS\System32\WindowsPowerShell\v1.0\;C:\WINDOWS\System32\OpenSSH\;C:\Program Files\PostgreSQL\14\bin;C:\Program Files\PostgreSQL\14\lib;C:\ProgramData\chocolatey\bin;C:\Program Files\nodejs\;C:\Program Files\Git\cmd;C:\Users\venka\AppData\Local\Microsoft\WindowsApps;C:\Program Files\JetBrains\PyCharm 2021.3.2\bin;C:\Program Files\JetBrains\PyCharm Community Edition 2021.3.2\bin;C:\Users\venka\AppData\Local\atom\bin;C:\Users\venka\AppData\Local\Microsoft\WindowsApps;C:\Users\venka\AppData\Roaming\npm;C:\Users\venka\AppData\Local\Programs\Microsoft VS Code\bin;C:\Program Files\JetBrains\IntelliJ IDEA Community Edition 2022.2\bin;;C:\Users\venka\eclipse;
USERNAME=venka
OS=Windows_NT
PROCESSOR_IDENTIFIER=Intel64 Family 6 Model 126 Stepping 5, GenuineIntel



---------------  S Y S T E M  ---------------

OS:
 Windows 11 , 64 bit Build 22621 (10.0.22621.726)
OS uptime: 2 days 17:25 hours

CPU: total 8 (initial active 8) (4 cores per cpu, 2 threads per core) family 6 model 126 stepping 5 microcode 0xa8, cx8, cmov, fxsr, ht, mmx, 3dnowpref, sse, sse2, sse3, ssse3, sse4.1, sse4.2, popcnt, lzcnt, tsc, tscinvbit, avx, avx2, aes, erms, clmul, bmi1, bmi2, adx, avx512f, avx512dq, avx512cd, avx512bw, avx512vl, sha, fma, vzeroupper, avx512_vpopcntdq, avx512_vpclmulqdq, avx512_vaes, avx512_vnni, clflush, clflushopt, avx512_vbmi2, avx512_vbmi

Memory: 4k page, system-wide physical 7880M (323M free)
TotalPageFile size 32456M (AvailPageFile size 5M)
current process WorkingSet (physical memory assigned to process): 299M, peak: 343M
current process commit charge ("private bytes"): 330M, peak: 374M

vm_info: OpenJDK 64-Bit Server VM (17.0.2+8) for windows-amd64 JRE (17.0.2+8), built on Jan 20 2022 04:52:34 by "" with MS VC++ 16.7 (VS2019)

END.
